# Logfile created on 2014-02-27 16:46:30 -0800 by logger.rb/44203
I, [2014-02-27T16:46:30.301854 #13541]  INFO -- : 0:  rake (10.1.1) from /Users/connorbarnett/.rvm/gems/ruby-2.1.0/specifications/rake-10.1.1.gemspec
I, [2014-02-27T16:46:30.302281 #13541]  INFO -- : 0:  i18n (0.6.9) from /Users/connorbarnett/.rvm/gems/ruby-2.1.0/specifications/i18n-0.6.9.gemspec
I, [2014-02-27T16:46:30.302632 #13541]  INFO -- : 0:  minitest (4.7.5) from /Users/connorbarnett/.rvm/rubies/ruby-2.1.0/lib/ruby/gems/2.1.0/specifications/default/minitest-4.7.5.gemspec
I, [2014-02-27T16:46:30.302967 #13541]  INFO -- : 0:  multi_json (1.8.4) from /Users/connorbarnett/.rvm/gems/ruby-2.1.0/specifications/multi_json-1.8.4.gemspec
I, [2014-02-27T16:46:31.877220 #13541]  INFO -- : 0:  atomic (1.1.15) from /Users/connorbarnett/.rvm/gems/ruby-2.1.0/specifications/atomic-1.1.15.gemspec
I, [2014-02-27T16:46:32.850462 #13541]  INFO -- : 0:  thread_safe (0.2.0) from /Users/connorbarnett/.rvm/gems/ruby-2.1.0/specifications/thread_safe-0.2.0.gemspec
I, [2014-02-27T16:46:32.850964 #13541]  INFO -- : 0:  tzinfo (0.3.38) from /Users/connorbarnett/.rvm/gems/ruby-2.1.0/specifications/tzinfo-0.3.38.gemspec
I, [2014-02-27T16:46:32.851338 #13541]  INFO -- : 0:  activesupport (4.0.2) from /Users/connorbarnett/.rvm/gems/ruby-2.1.0/specifications/activesupport-4.0.2.gemspec
I, [2014-02-27T16:46:32.851793 #13541]  INFO -- : 0:  builder (3.1.4) from /Users/connorbarnett/.rvm/gems/ruby-2.1.0/specifications/builder-3.1.4.gemspec
I, [2014-02-27T16:46:32.852261 #13541]  INFO -- : 0:  erubis (2.7.0) from /Users/connorbarnett/.rvm/gems/ruby-2.1.0/specifications/erubis-2.7.0.gemspec
I, [2014-02-27T16:46:32.852912 #13541]  INFO -- : 0:  rack (1.5.2) from /Users/connorbarnett/.rvm/gems/ruby-2.1.0/specifications/rack-1.5.2.gemspec
I, [2014-02-27T16:46:32.853377 #13541]  INFO -- : 0:  rack-test (0.6.2) from /Users/connorbarnett/.rvm/gems/ruby-2.1.0/specifications/rack-test-0.6.2.gemspec
I, [2014-02-27T16:46:32.853822 #13541]  INFO -- : 0:  actionpack (4.0.2) from /Users/connorbarnett/.rvm/gems/ruby-2.1.0/specifications/actionpack-4.0.2.gemspec
I, [2014-02-27T16:46:32.854246 #13541]  INFO -- : 0:  mime-types (1.25.1) from /Users/connorbarnett/.rvm/gems/ruby-2.1.0/specifications/mime-types-1.25.1.gemspec
I, [2014-02-27T16:46:32.854639 #13541]  INFO -- : 0:  polyglot (0.3.4) from /Users/connorbarnett/.rvm/gems/ruby-2.1.0/specifications/polyglot-0.3.4.gemspec
I, [2014-02-27T16:46:32.855033 #13541]  INFO -- : 0:  treetop (1.4.15) from /Users/connorbarnett/.rvm/gems/ruby-2.1.0/specifications/treetop-1.4.15.gemspec
I, [2014-02-27T16:46:32.855411 #13541]  INFO -- : 0:  mail (2.5.4) from /Users/connorbarnett/.rvm/gems/ruby-2.1.0/specifications/mail-2.5.4.gemspec
I, [2014-02-27T16:46:32.855847 #13541]  INFO -- : 0:  actionmailer (4.0.2) from /Users/connorbarnett/.rvm/gems/ruby-2.1.0/specifications/actionmailer-4.0.2.gemspec
I, [2014-02-27T16:46:32.856285 #13541]  INFO -- : 0:  activemodel (4.0.2) from /Users/connorbarnett/.rvm/gems/ruby-2.1.0/specifications/activemodel-4.0.2.gemspec
I, [2014-02-27T16:46:32.856692 #13541]  INFO -- : 0:  activerecord-deprecated_finders (1.0.3) from /Users/connorbarnett/.rvm/gems/ruby-2.1.0/specifications/activerecord-deprecated_finders-1.0.3.gemspec
I, [2014-02-27T16:46:32.857091 #13541]  INFO -- : 0:  arel (4.0.2) from /Users/connorbarnett/.rvm/gems/ruby-2.1.0/specifications/arel-4.0.2.gemspec
I, [2014-02-27T16:46:32.857663 #13541]  INFO -- : 0:  activerecord (4.0.2) from /Users/connorbarnett/.rvm/gems/ruby-2.1.0/specifications/activerecord-4.0.2.gemspec
I, [2014-02-27T16:46:34.195597 #13541]  INFO -- : 0:  bcrypt (3.1.7) from /Users/connorbarnett/.rvm/gems/ruby-2.1.0/specifications/bcrypt-3.1.7.gemspec
I, [2014-02-27T16:46:34.196261 #13541]  INFO -- : 0:  bcrypt-ruby (3.1.5) from /Users/connorbarnett/.rvm/gems/ruby-2.1.0/specifications/bcrypt-ruby-3.1.5.gemspec
I, [2014-02-27T16:46:34.196673 #13541]  INFO -- : 0:  bundler (1.5.1) from /Users/connorbarnett/.rvm/gems/ruby-2.1.0@global/specifications/bundler-1.5.1.gemspec
I, [2014-02-27T16:46:34.197088 #13541]  INFO -- : 0:  coffee-script-source (1.7.0) from /Users/connorbarnett/.rvm/gems/ruby-2.1.0/specifications/coffee-script-source-1.7.0.gemspec
I, [2014-02-27T16:46:34.197938 #13541]  INFO -- : 0:  execjs (2.0.2) from /Users/connorbarnett/.rvm/gems/ruby-2.1.0/specifications/execjs-2.0.2.gemspec
I, [2014-02-27T16:46:34.198378 #13541]  INFO -- : 0:  coffee-script (2.2.0) from /Users/connorbarnett/.rvm/gems/ruby-2.1.0/specifications/coffee-script-2.2.0.gemspec
I, [2014-02-27T16:46:34.198822 #13541]  INFO -- : 0:  thor (0.18.1) from /Users/connorbarnett/.rvm/gems/ruby-2.1.0/specifications/thor-0.18.1.gemspec
I, [2014-02-27T16:46:34.199233 #13541]  INFO -- : 0:  railties (4.0.2) from /Users/connorbarnett/.rvm/gems/ruby-2.1.0/specifications/railties-4.0.2.gemspec
I, [2014-02-27T16:46:34.199629 #13541]  INFO -- : 0:  coffee-rails (4.0.1) from /Users/connorbarnett/.rvm/gems/ruby-2.1.0/specifications/coffee-rails-4.0.1.gemspec
I, [2014-02-27T16:46:34.200058 #13541]  INFO -- : 0:  daemons (1.1.9) from /Users/connorbarnett/.rvm/gems/ruby-2.1.0/specifications/daemons-1.1.9.gemspec
I, [2014-02-27T16:46:34.200496 #13541]  INFO -- : 0:  orm_adapter (0.5.0) from /Users/connorbarnett/.rvm/gems/ruby-2.1.0/specifications/orm_adapter-0.5.0.gemspec
I, [2014-02-27T16:46:34.200895 #13541]  INFO -- : 0:  warden (1.2.3) from /Users/connorbarnett/.rvm/gems/ruby-2.1.0/specifications/warden-1.2.3.gemspec
I, [2014-02-27T16:46:34.201309 #13541]  INFO -- : 0:  devise (3.2.3) from /Users/connorbarnett/.rvm/gems/ruby-2.1.0/specifications/devise-3.2.3.gemspec
I, [2014-02-27T16:46:34.201724 #13541]  INFO -- : 0:  eventmachine (1.0.3) from /Users/connorbarnett/.rvm/gems/ruby-2.1.0/specifications/eventmachine-1.0.3.gemspec
I, [2014-02-27T16:46:34.202158 #13541]  INFO -- : 0:  tilt (1.4.1) from /Users/connorbarnett/.rvm/gems/ruby-2.1.0/specifications/tilt-1.4.1.gemspec
I, [2014-02-27T16:46:34.202610 #13541]  INFO -- : 0:  haml (4.0.5) from /Users/connorbarnett/.rvm/gems/ruby-2.1.0/specifications/haml-4.0.5.gemspec
I, [2014-02-27T16:46:34.202985 #13541]  INFO -- : 0:  hike (1.2.3) from /Users/connorbarnett/.rvm/gems/ruby-2.1.0/specifications/hike-1.2.3.gemspec
I, [2014-02-27T16:46:34.203481 #13541]  INFO -- : 0:  jbuilder (1.5.3) from /Users/connorbarnett/.rvm/gems/ruby-2.1.0/specifications/jbuilder-1.5.3.gemspec
I, [2014-02-27T16:46:34.203860 #13541]  INFO -- : 0:  jquery-rails (3.1.0) from /Users/connorbarnett/.rvm/gems/ruby-2.1.0/specifications/jquery-rails-3.1.0.gemspec
I, [2014-02-27T16:46:34.204244 #13541]  INFO -- : 0:  jquery-ui-rails (4.2.0) from /Users/connorbarnett/.rvm/gems/ruby-2.1.0/specifications/jquery-ui-rails-4.2.0.gemspec
I, [2014-02-27T16:46:34.204586 #13541]  INFO -- : 0:  json (1.8.1) from /Users/connorbarnett/.rvm/rubies/ruby-2.1.0/lib/ruby/gems/2.1.0/specifications/default/json-1.8.1.gemspec
I, [2014-02-27T16:46:34.205018 #13541]  INFO -- : 0:  pg (0.17.1) from /Users/connorbarnett/.rvm/gems/ruby-2.1.0/specifications/pg-0.17.1.gemspec
I, [2014-02-27T16:46:34.205430 #13541]  INFO -- : 0:  sprockets (2.11.0) from /Users/connorbarnett/.rvm/gems/ruby-2.1.0/specifications/sprockets-2.11.0.gemspec
I, [2014-02-27T16:46:34.205871 #13541]  INFO -- : 0:  sprockets-rails (2.0.1) from /Users/connorbarnett/.rvm/gems/ruby-2.1.0/specifications/sprockets-rails-2.0.1.gemspec
I, [2014-02-27T16:46:34.206350 #13541]  INFO -- : 0:  rails (4.0.2) from /Users/connorbarnett/.rvm/gems/ruby-2.1.0/specifications/rails-4.0.2.gemspec
I, [2014-02-27T16:46:34.206872 #13541]  INFO -- : 0:  rails_serve_static_assets (0.0.2) from /Users/connorbarnett/.rvm/gems/ruby-2.1.0/specifications/rails_serve_static_assets-0.0.2.gemspec
I, [2014-02-27T16:46:34.207298 #13541]  INFO -- : 0:  rails_stdout_logging (0.0.3) from /Users/connorbarnett/.rvm/gems/ruby-2.1.0/specifications/rails_stdout_logging-0.0.3.gemspec
I, [2014-02-27T16:46:34.207738 #13541]  INFO -- : 0:  rails_12factor (0.0.2) from /Users/connorbarnett/.rvm/gems/ruby-2.1.0/specifications/rails_12factor-0.0.2.gemspec
I, [2014-02-27T16:46:34.208166 #13541]  INFO -- : 0:  rdoc (4.1.1) from /Users/connorbarnett/.rvm/gems/ruby-2.1.0/specifications/rdoc-4.1.1.gemspec
I, [2014-02-27T16:46:34.208603 #13541]  INFO -- : 0:  sass (3.2.14) from /Users/connorbarnett/.rvm/gems/ruby-2.1.0/specifications/sass-3.2.14.gemspec
I, [2014-02-27T16:46:34.208993 #13541]  INFO -- : 0:  sass-rails (4.0.1) from /Users/connorbarnett/.rvm/gems/ruby-2.1.0/specifications/sass-rails-4.0.1.gemspec
I, [2014-02-27T16:46:34.209409 #13541]  INFO -- : 0:  sdoc (0.4.0) from /Users/connorbarnett/.rvm/gems/ruby-2.1.0/specifications/sdoc-0.4.0.gemspec
I, [2014-02-27T16:46:37.481085 #13541]  INFO -- : 0:  sqlite3 (1.3.9) from /Users/connorbarnett/.rvm/gems/ruby-2.1.0/specifications/sqlite3-1.3.9.gemspec
I, [2014-02-27T16:46:37.481818 #13541]  INFO -- : 0:  thin (1.6.1) from /Users/connorbarnett/.rvm/gems/ruby-2.1.0/specifications/thin-1.6.1.gemspec
I, [2014-02-27T16:46:37.482263 #13541]  INFO -- : 0:  turbolinks (2.2.1) from /Users/connorbarnett/.rvm/gems/ruby-2.1.0/specifications/turbolinks-2.2.1.gemspec
I, [2014-02-27T16:46:37.482695 #13541]  INFO -- : 0:  uglifier (2.4.0) from /Users/connorbarnett/.rvm/gems/ruby-2.1.0/specifications/uglifier-2.4.0.gemspec
I, [2014-02-27T16:47:16.656185 #13927]  INFO -- : 0:  rake (10.1.1) from /Users/connorbarnett/.rvm/gems/ruby-2.1.0/specifications/rake-10.1.1.gemspec
I, [2014-02-27T16:47:16.656932 #13927]  INFO -- : 0:  i18n (0.6.9) from /Users/connorbarnett/.rvm/gems/ruby-2.1.0/specifications/i18n-0.6.9.gemspec
I, [2014-02-27T16:47:16.657529 #13927]  INFO -- : 0:  minitest (4.7.5) from /Users/connorbarnett/.rvm/rubies/ruby-2.1.0/lib/ruby/gems/2.1.0/specifications/default/minitest-4.7.5.gemspec
I, [2014-02-27T16:47:16.657921 #13927]  INFO -- : 0:  multi_json (1.8.4) from /Users/connorbarnett/.rvm/gems/ruby-2.1.0/specifications/multi_json-1.8.4.gemspec
I, [2014-02-27T16:47:16.658343 #13927]  INFO -- : 0:  atomic (1.1.15) from /Users/connorbarnett/.rvm/gems/ruby-2.1.0/specifications/atomic-1.1.15.gemspec
I, [2014-02-27T16:47:16.658719 #13927]  INFO -- : 0:  thread_safe (0.2.0) from /Users/connorbarnett/.rvm/gems/ruby-2.1.0/specifications/thread_safe-0.2.0.gemspec
I, [2014-02-27T16:47:16.659132 #13927]  INFO -- : 0:  tzinfo (0.3.38) from /Users/connorbarnett/.rvm/gems/ruby-2.1.0/specifications/tzinfo-0.3.38.gemspec
I, [2014-02-27T16:47:16.659730 #13927]  INFO -- : 0:  activesupport (4.0.2) from /Users/connorbarnett/.rvm/gems/ruby-2.1.0/specifications/activesupport-4.0.2.gemspec
I, [2014-02-27T16:47:16.660242 #13927]  INFO -- : 0:  builder (3.1.4) from /Users/connorbarnett/.rvm/gems/ruby-2.1.0/specifications/builder-3.1.4.gemspec
I, [2014-02-27T16:47:16.660719 #13927]  INFO -- : 0:  erubis (2.7.0) from /Users/connorbarnett/.rvm/gems/ruby-2.1.0/specifications/erubis-2.7.0.gemspec
I, [2014-02-27T16:47:16.661078 #13927]  INFO -- : 0:  rack (1.5.2) from /Users/connorbarnett/.rvm/gems/ruby-2.1.0/specifications/rack-1.5.2.gemspec
I, [2014-02-27T16:47:16.661627 #13927]  INFO -- : 0:  rack-test (0.6.2) from /Users/connorbarnett/.rvm/gems/ruby-2.1.0/specifications/rack-test-0.6.2.gemspec
I, [2014-02-27T16:47:16.662031 #13927]  INFO -- : 0:  actionpack (4.0.2) from /Users/connorbarnett/.rvm/gems/ruby-2.1.0/specifications/actionpack-4.0.2.gemspec
I, [2014-02-27T16:47:16.662489 #13927]  INFO -- : 0:  mime-types (1.25.1) from /Users/connorbarnett/.rvm/gems/ruby-2.1.0/specifications/mime-types-1.25.1.gemspec
I, [2014-02-27T16:47:16.663046 #13927]  INFO -- : 0:  polyglot (0.3.4) from /Users/connorbarnett/.rvm/gems/ruby-2.1.0/specifications/polyglot-0.3.4.gemspec
I, [2014-02-27T16:47:16.663596 #13927]  INFO -- : 0:  treetop (1.4.15) from /Users/connorbarnett/.rvm/gems/ruby-2.1.0/specifications/treetop-1.4.15.gemspec
I, [2014-02-27T16:47:16.664142 #13927]  INFO -- : 0:  mail (2.5.4) from /Users/connorbarnett/.rvm/gems/ruby-2.1.0/specifications/mail-2.5.4.gemspec
I, [2014-02-27T16:47:16.664732 #13927]  INFO -- : 0:  actionmailer (4.0.2) from /Users/connorbarnett/.rvm/gems/ruby-2.1.0/specifications/actionmailer-4.0.2.gemspec
I, [2014-02-27T16:47:16.665420 #13927]  INFO -- : 0:  activemodel (4.0.2) from /Users/connorbarnett/.rvm/gems/ruby-2.1.0/specifications/activemodel-4.0.2.gemspec
I, [2014-02-27T16:47:16.666054 #13927]  INFO -- : 0:  activerecord-deprecated_finders (1.0.3) from /Users/connorbarnett/.rvm/gems/ruby-2.1.0/specifications/activerecord-deprecated_finders-1.0.3.gemspec
I, [2014-02-27T16:47:16.666613 #13927]  INFO -- : 0:  arel (4.0.2) from /Users/connorbarnett/.rvm/gems/ruby-2.1.0/specifications/arel-4.0.2.gemspec
I, [2014-02-27T16:47:16.667147 #13927]  INFO -- : 0:  activerecord (4.0.2) from /Users/connorbarnett/.rvm/gems/ruby-2.1.0/specifications/activerecord-4.0.2.gemspec
I, [2014-02-27T16:47:16.667686 #13927]  INFO -- : 0:  bcrypt (3.1.7) from /Users/connorbarnett/.rvm/gems/ruby-2.1.0/specifications/bcrypt-3.1.7.gemspec
I, [2014-02-27T16:47:16.668226 #13927]  INFO -- : 0:  bcrypt-ruby (3.1.5) from /Users/connorbarnett/.rvm/gems/ruby-2.1.0/specifications/bcrypt-ruby-3.1.5.gemspec
I, [2014-02-27T16:47:16.668726 #13927]  INFO -- : 0:  bundler (1.5.1) from /Users/connorbarnett/.rvm/gems/ruby-2.1.0@global/specifications/bundler-1.5.1.gemspec
I, [2014-02-27T16:47:16.669226 #13927]  INFO -- : 0:  coffee-script-source (1.7.0) from /Users/connorbarnett/.rvm/gems/ruby-2.1.0/specifications/coffee-script-source-1.7.0.gemspec
I, [2014-02-27T16:47:16.669717 #13927]  INFO -- : 0:  execjs (2.0.2) from /Users/connorbarnett/.rvm/gems/ruby-2.1.0/specifications/execjs-2.0.2.gemspec
I, [2014-02-27T16:47:16.670236 #13927]  INFO -- : 0:  coffee-script (2.2.0) from /Users/connorbarnett/.rvm/gems/ruby-2.1.0/specifications/coffee-script-2.2.0.gemspec
I, [2014-02-27T16:47:16.670812 #13927]  INFO -- : 0:  thor (0.18.1) from /Users/connorbarnett/.rvm/gems/ruby-2.1.0/specifications/thor-0.18.1.gemspec
I, [2014-02-27T16:47:16.671364 #13927]  INFO -- : 0:  railties (4.0.2) from /Users/connorbarnett/.rvm/gems/ruby-2.1.0/specifications/railties-4.0.2.gemspec
I, [2014-02-27T16:47:16.671881 #13927]  INFO -- : 0:  coffee-rails (4.0.1) from /Users/connorbarnett/.rvm/gems/ruby-2.1.0/specifications/coffee-rails-4.0.1.gemspec
I, [2014-02-27T16:47:16.672367 #13927]  INFO -- : 0:  daemons (1.1.9) from /Users/connorbarnett/.rvm/gems/ruby-2.1.0/specifications/daemons-1.1.9.gemspec
I, [2014-02-27T16:47:16.672939 #13927]  INFO -- : 0:  orm_adapter (0.5.0) from /Users/connorbarnett/.rvm/gems/ruby-2.1.0/specifications/orm_adapter-0.5.0.gemspec
I, [2014-02-27T16:47:16.673613 #13927]  INFO -- : 0:  warden (1.2.3) from /Users/connorbarnett/.rvm/gems/ruby-2.1.0/specifications/warden-1.2.3.gemspec
I, [2014-02-27T16:47:16.674346 #13927]  INFO -- : 0:  devise (3.2.3) from /Users/connorbarnett/.rvm/gems/ruby-2.1.0/specifications/devise-3.2.3.gemspec
I, [2014-02-27T16:47:16.675052 #13927]  INFO -- : 0:  eventmachine (1.0.3) from /Users/connorbarnett/.rvm/gems/ruby-2.1.0/specifications/eventmachine-1.0.3.gemspec
I, [2014-02-27T16:47:16.675725 #13927]  INFO -- : 0:  tilt (1.4.1) from /Users/connorbarnett/.rvm/gems/ruby-2.1.0/specifications/tilt-1.4.1.gemspec
I, [2014-02-27T16:47:16.676319 #13927]  INFO -- : 0:  haml (4.0.5) from /Users/connorbarnett/.rvm/gems/ruby-2.1.0/specifications/haml-4.0.5.gemspec
I, [2014-02-27T16:47:16.676909 #13927]  INFO -- : 0:  hike (1.2.3) from /Users/connorbarnett/.rvm/gems/ruby-2.1.0/specifications/hike-1.2.3.gemspec
I, [2014-02-27T16:47:16.677514 #13927]  INFO -- : 0:  jbuilder (1.5.3) from /Users/connorbarnett/.rvm/gems/ruby-2.1.0/specifications/jbuilder-1.5.3.gemspec
I, [2014-02-27T16:47:16.678158 #13927]  INFO -- : 0:  jquery-rails (3.1.0) from /Users/connorbarnett/.rvm/gems/ruby-2.1.0/specifications/jquery-rails-3.1.0.gemspec
I, [2014-02-27T16:47:16.678779 #13927]  INFO -- : 0:  jquery-ui-rails (4.2.0) from /Users/connorbarnett/.rvm/gems/ruby-2.1.0/specifications/jquery-ui-rails-4.2.0.gemspec
I, [2014-02-27T16:47:16.679307 #13927]  INFO -- : 0:  json (1.8.1) from /Users/connorbarnett/.rvm/rubies/ruby-2.1.0/lib/ruby/gems/2.1.0/specifications/default/json-1.8.1.gemspec
I, [2014-02-27T16:47:16.679847 #13927]  INFO -- : 0:  pg (0.17.1) from /Users/connorbarnett/.rvm/gems/ruby-2.1.0/specifications/pg-0.17.1.gemspec
I, [2014-02-27T16:47:16.680238 #13927]  INFO -- : 0:  sprockets (2.11.0) from /Users/connorbarnett/.rvm/gems/ruby-2.1.0/specifications/sprockets-2.11.0.gemspec
I, [2014-02-27T16:47:16.680635 #13927]  INFO -- : 0:  sprockets-rails (2.0.1) from /Users/connorbarnett/.rvm/gems/ruby-2.1.0/specifications/sprockets-rails-2.0.1.gemspec
I, [2014-02-27T16:47:16.681003 #13927]  INFO -- : 0:  rails (4.0.2) from /Users/connorbarnett/.rvm/gems/ruby-2.1.0/specifications/rails-4.0.2.gemspec
I, [2014-02-27T16:47:16.681386 #13927]  INFO -- : 0:  rails_serve_static_assets (0.0.2) from /Users/connorbarnett/.rvm/gems/ruby-2.1.0/specifications/rails_serve_static_assets-0.0.2.gemspec
I, [2014-02-27T16:47:16.681768 #13927]  INFO -- : 0:  rails_stdout_logging (0.0.3) from /Users/connorbarnett/.rvm/gems/ruby-2.1.0/specifications/rails_stdout_logging-0.0.3.gemspec
I, [2014-02-27T16:47:16.682136 #13927]  INFO -- : 0:  rails_12factor (0.0.2) from /Users/connorbarnett/.rvm/gems/ruby-2.1.0/specifications/rails_12factor-0.0.2.gemspec
I, [2014-02-27T16:47:16.682518 #13927]  INFO -- : 0:  rdoc (4.1.1) from /Users/connorbarnett/.rvm/gems/ruby-2.1.0/specifications/rdoc-4.1.1.gemspec
I, [2014-02-27T16:47:16.682936 #13927]  INFO -- : 0:  sass (3.2.14) from /Users/connorbarnett/.rvm/gems/ruby-2.1.0/specifications/sass-3.2.14.gemspec
I, [2014-02-27T16:47:16.683421 #13927]  INFO -- : 0:  sass-rails (4.0.1) from /Users/connorbarnett/.rvm/gems/ruby-2.1.0/specifications/sass-rails-4.0.1.gemspec
I, [2014-02-27T16:47:16.683826 #13927]  INFO -- : 0:  sdoc (0.4.0) from /Users/connorbarnett/.rvm/gems/ruby-2.1.0/specifications/sdoc-0.4.0.gemspec
I, [2014-02-27T16:47:16.684194 #13927]  INFO -- : 0:  sqlite3 (1.3.9) from /Users/connorbarnett/.rvm/gems/ruby-2.1.0/specifications/sqlite3-1.3.9.gemspec
I, [2014-02-27T16:47:16.684577 #13927]  INFO -- : 0:  thin (1.6.1) from /Users/connorbarnett/.rvm/gems/ruby-2.1.0/specifications/thin-1.6.1.gemspec
I, [2014-02-27T16:47:16.685018 #13927]  INFO -- : 0:  turbolinks (2.2.1) from /Users/connorbarnett/.rvm/gems/ruby-2.1.0/specifications/turbolinks-2.2.1.gemspec
I, [2014-02-27T16:47:16.685373 #13927]  INFO -- : 0:  uglifier (2.4.0) from /Users/connorbarnett/.rvm/gems/ruby-2.1.0/specifications/uglifier-2.4.0.gemspec
I, [2014-02-27T16:47:27.260330 #13937]  INFO -- : 0:  rake (10.1.1) from /Users/connorbarnett/.rvm/gems/ruby-2.1.0/specifications/rake-10.1.1.gemspec
I, [2014-02-27T16:47:27.260788 #13937]  INFO -- : 0:  i18n (0.6.9) from /Users/connorbarnett/.rvm/gems/ruby-2.1.0/specifications/i18n-0.6.9.gemspec
I, [2014-02-27T16:47:27.261206 #13937]  INFO -- : 0:  minitest (4.7.5) from /Users/connorbarnett/.rvm/rubies/ruby-2.1.0/lib/ruby/gems/2.1.0/specifications/default/minitest-4.7.5.gemspec
I, [2014-02-27T16:47:27.261585 #13937]  INFO -- : 0:  multi_json (1.8.4) from /Users/connorbarnett/.rvm/gems/ruby-2.1.0/specifications/multi_json-1.8.4.gemspec
I, [2014-02-27T16:47:27.261974 #13937]  INFO -- : 0:  atomic (1.1.15) from /Users/connorbarnett/.rvm/gems/ruby-2.1.0/specifications/atomic-1.1.15.gemspec
I, [2014-02-27T16:47:27.262384 #13937]  INFO -- : 0:  thread_safe (0.2.0) from /Users/connorbarnett/.rvm/gems/ruby-2.1.0/specifications/thread_safe-0.2.0.gemspec
I, [2014-02-27T16:47:27.262772 #13937]  INFO -- : 0:  tzinfo (0.3.38) from /Users/connorbarnett/.rvm/gems/ruby-2.1.0/specifications/tzinfo-0.3.38.gemspec
I, [2014-02-27T16:47:27.263127 #13937]  INFO -- : 0:  activesupport (4.0.2) from /Users/connorbarnett/.rvm/gems/ruby-2.1.0/specifications/activesupport-4.0.2.gemspec
I, [2014-02-27T16:47:27.263464 #13937]  INFO -- : 0:  builder (3.1.4) from /Users/connorbarnett/.rvm/gems/ruby-2.1.0/specifications/builder-3.1.4.gemspec
I, [2014-02-27T16:47:27.263829 #13937]  INFO -- : 0:  erubis (2.7.0) from /Users/connorbarnett/.rvm/gems/ruby-2.1.0/specifications/erubis-2.7.0.gemspec
I, [2014-02-27T16:47:27.264154 #13937]  INFO -- : 0:  rack (1.5.2) from /Users/connorbarnett/.rvm/gems/ruby-2.1.0/specifications/rack-1.5.2.gemspec
I, [2014-02-27T16:47:27.264477 #13937]  INFO -- : 0:  rack-test (0.6.2) from /Users/connorbarnett/.rvm/gems/ruby-2.1.0/specifications/rack-test-0.6.2.gemspec
I, [2014-02-27T16:47:27.264805 #13937]  INFO -- : 0:  actionpack (4.0.2) from /Users/connorbarnett/.rvm/gems/ruby-2.1.0/specifications/actionpack-4.0.2.gemspec
I, [2014-02-27T16:47:27.265178 #13937]  INFO -- : 0:  mime-types (1.25.1) from /Users/connorbarnett/.rvm/gems/ruby-2.1.0/specifications/mime-types-1.25.1.gemspec
I, [2014-02-27T16:47:27.265500 #13937]  INFO -- : 0:  polyglot (0.3.4) from /Users/connorbarnett/.rvm/gems/ruby-2.1.0/specifications/polyglot-0.3.4.gemspec
I, [2014-02-27T16:47:27.265819 #13937]  INFO -- : 0:  treetop (1.4.15) from /Users/connorbarnett/.rvm/gems/ruby-2.1.0/specifications/treetop-1.4.15.gemspec
I, [2014-02-27T16:47:27.266122 #13937]  INFO -- : 0:  mail (2.5.4) from /Users/connorbarnett/.rvm/gems/ruby-2.1.0/specifications/mail-2.5.4.gemspec
I, [2014-02-27T16:47:27.266442 #13937]  INFO -- : 0:  actionmailer (4.0.2) from /Users/connorbarnett/.rvm/gems/ruby-2.1.0/specifications/actionmailer-4.0.2.gemspec
I, [2014-02-27T16:47:27.266771 #13937]  INFO -- : 0:  activemodel (4.0.2) from /Users/connorbarnett/.rvm/gems/ruby-2.1.0/specifications/activemodel-4.0.2.gemspec
I, [2014-02-27T16:47:27.267103 #13937]  INFO -- : 0:  activerecord-deprecated_finders (1.0.3) from /Users/connorbarnett/.rvm/gems/ruby-2.1.0/specifications/activerecord-deprecated_finders-1.0.3.gemspec
I, [2014-02-27T16:47:27.267420 #13937]  INFO -- : 0:  arel (4.0.2) from /Users/connorbarnett/.rvm/gems/ruby-2.1.0/specifications/arel-4.0.2.gemspec
I, [2014-02-27T16:47:27.267750 #13937]  INFO -- : 0:  activerecord (4.0.2) from /Users/connorbarnett/.rvm/gems/ruby-2.1.0/specifications/activerecord-4.0.2.gemspec
I, [2014-02-27T16:47:27.268080 #13937]  INFO -- : 0:  bcrypt (3.1.7) from /Users/connorbarnett/.rvm/gems/ruby-2.1.0/specifications/bcrypt-3.1.7.gemspec
I, [2014-02-27T16:47:27.268408 #13937]  INFO -- : 0:  bcrypt-ruby (3.1.5) from /Users/connorbarnett/.rvm/gems/ruby-2.1.0/specifications/bcrypt-ruby-3.1.5.gemspec
I, [2014-02-27T16:47:27.268798 #13937]  INFO -- : 0:  coffee-script-source (1.7.0) from /Users/connorbarnett/.rvm/gems/ruby-2.1.0/specifications/coffee-script-source-1.7.0.gemspec
I, [2014-02-27T16:47:27.269120 #13937]  INFO -- : 0:  execjs (2.0.2) from /Users/connorbarnett/.rvm/gems/ruby-2.1.0/specifications/execjs-2.0.2.gemspec
I, [2014-02-27T16:47:27.269425 #13937]  INFO -- : 0:  coffee-script (2.2.0) from /Users/connorbarnett/.rvm/gems/ruby-2.1.0/specifications/coffee-script-2.2.0.gemspec
I, [2014-02-27T16:47:27.269740 #13937]  INFO -- : 0:  thor (0.18.1) from /Users/connorbarnett/.rvm/gems/ruby-2.1.0/specifications/thor-0.18.1.gemspec
I, [2014-02-27T16:47:27.270052 #13937]  INFO -- : 0:  railties (4.0.2) from /Users/connorbarnett/.rvm/gems/ruby-2.1.0/specifications/railties-4.0.2.gemspec
I, [2014-02-27T16:47:27.270355 #13937]  INFO -- : 0:  coffee-rails (4.0.1) from /Users/connorbarnett/.rvm/gems/ruby-2.1.0/specifications/coffee-rails-4.0.1.gemspec
I, [2014-02-27T16:47:27.270670 #13937]  INFO -- : 0:  daemons (1.1.9) from /Users/connorbarnett/.rvm/gems/ruby-2.1.0/specifications/daemons-1.1.9.gemspec
I, [2014-02-27T16:47:27.270983 #13937]  INFO -- : 0:  orm_adapter (0.5.0) from /Users/connorbarnett/.rvm/gems/ruby-2.1.0/specifications/orm_adapter-0.5.0.gemspec
I, [2014-02-27T16:47:27.271296 #13937]  INFO -- : 0:  warden (1.2.3) from /Users/connorbarnett/.rvm/gems/ruby-2.1.0/specifications/warden-1.2.3.gemspec
I, [2014-02-27T16:47:27.271633 #13937]  INFO -- : 0:  devise (3.2.3) from /Users/connorbarnett/.rvm/gems/ruby-2.1.0/specifications/devise-3.2.3.gemspec
I, [2014-02-27T16:47:27.271949 #13937]  INFO -- : 0:  eventmachine (1.0.3) from /Users/connorbarnett/.rvm/gems/ruby-2.1.0/specifications/eventmachine-1.0.3.gemspec
I, [2014-02-27T16:47:27.272268 #13937]  INFO -- : 0:  tilt (1.4.1) from /Users/connorbarnett/.rvm/gems/ruby-2.1.0/specifications/tilt-1.4.1.gemspec
I, [2014-02-27T16:47:27.272589 #13937]  INFO -- : 0:  haml (4.0.5) from /Users/connorbarnett/.rvm/gems/ruby-2.1.0/specifications/haml-4.0.5.gemspec
I, [2014-02-27T16:47:27.272901 #13937]  INFO -- : 0:  hike (1.2.3) from /Users/connorbarnett/.rvm/gems/ruby-2.1.0/specifications/hike-1.2.3.gemspec
I, [2014-02-27T16:47:27.273219 #13937]  INFO -- : 0:  jbuilder (1.5.3) from /Users/connorbarnett/.rvm/gems/ruby-2.1.0/specifications/jbuilder-1.5.3.gemspec
I, [2014-02-27T16:47:27.273555 #13937]  INFO -- : 0:  jquery-rails (3.1.0) from /Users/connorbarnett/.rvm/gems/ruby-2.1.0/specifications/jquery-rails-3.1.0.gemspec
I, [2014-02-27T16:47:27.273872 #13937]  INFO -- : 0:  jquery-ui-rails (4.2.0) from /Users/connorbarnett/.rvm/gems/ruby-2.1.0/specifications/jquery-ui-rails-4.2.0.gemspec
I, [2014-02-27T16:47:27.274191 #13937]  INFO -- : 0:  json (1.8.1) from /Users/connorbarnett/.rvm/rubies/ruby-2.1.0/lib/ruby/gems/2.1.0/specifications/default/json-1.8.1.gemspec
I, [2014-02-27T16:47:27.274522 #13937]  INFO -- : 0:  pg (0.17.1) from /Users/connorbarnett/.rvm/gems/ruby-2.1.0/specifications/pg-0.17.1.gemspec
I, [2014-02-27T16:47:27.274817 #13937]  INFO -- : 0:  bundler (1.5.1) from /Users/connorbarnett/.rvm/gems/ruby-2.1.0@global/specifications/bundler-1.5.1.gemspec
I, [2014-02-27T16:47:27.275133 #13937]  INFO -- : 0:  sprockets (2.11.0) from /Users/connorbarnett/.rvm/gems/ruby-2.1.0/specifications/sprockets-2.11.0.gemspec
I, [2014-02-27T16:47:27.275448 #13937]  INFO -- : 0:  sprockets-rails (2.0.1) from /Users/connorbarnett/.rvm/gems/ruby-2.1.0/specifications/sprockets-rails-2.0.1.gemspec
I, [2014-02-27T16:47:27.275767 #13937]  INFO -- : 0:  rails (4.0.2) from /Users/connorbarnett/.rvm/gems/ruby-2.1.0/specifications/rails-4.0.2.gemspec
I, [2014-02-27T16:47:27.276083 #13937]  INFO -- : 0:  rails_serve_static_assets (0.0.2) from /Users/connorbarnett/.rvm/gems/ruby-2.1.0/specifications/rails_serve_static_assets-0.0.2.gemspec
I, [2014-02-27T16:47:27.276404 #13937]  INFO -- : 0:  rails_stdout_logging (0.0.3) from /Users/connorbarnett/.rvm/gems/ruby-2.1.0/specifications/rails_stdout_logging-0.0.3.gemspec
I, [2014-02-27T16:47:27.276727 #13937]  INFO -- : 0:  rails_12factor (0.0.2) from /Users/connorbarnett/.rvm/gems/ruby-2.1.0/specifications/rails_12factor-0.0.2.gemspec
I, [2014-02-27T16:47:27.277048 #13937]  INFO -- : 0:  rdoc (4.1.1) from /Users/connorbarnett/.rvm/gems/ruby-2.1.0/specifications/rdoc-4.1.1.gemspec
I, [2014-02-27T16:47:27.277374 #13937]  INFO -- : 0:  sass (3.2.14) from /Users/connorbarnett/.rvm/gems/ruby-2.1.0/specifications/sass-3.2.14.gemspec
I, [2014-02-27T16:47:27.277694 #13937]  INFO -- : 0:  sass-rails (4.0.1) from /Users/connorbarnett/.rvm/gems/ruby-2.1.0/specifications/sass-rails-4.0.1.gemspec
I, [2014-02-27T16:47:27.278000 #13937]  INFO -- : 0:  sdoc (0.4.0) from /Users/connorbarnett/.rvm/gems/ruby-2.1.0/specifications/sdoc-0.4.0.gemspec
I, [2014-02-27T16:47:27.278336 #13937]  INFO -- : 0:  sqlite3 (1.3.9) from /Users/connorbarnett/.rvm/gems/ruby-2.1.0/specifications/sqlite3-1.3.9.gemspec
I, [2014-02-27T16:47:27.278662 #13937]  INFO -- : 0:  thin (1.6.1) from /Users/connorbarnett/.rvm/gems/ruby-2.1.0/specifications/thin-1.6.1.gemspec
I, [2014-02-27T16:47:27.278971 #13937]  INFO -- : 0:  turbolinks (2.2.1) from /Users/connorbarnett/.rvm/gems/ruby-2.1.0/specifications/turbolinks-2.2.1.gemspec
I, [2014-02-27T16:47:27.279288 #13937]  INFO -- : 0:  uglifier (2.4.0) from /Users/connorbarnett/.rvm/gems/ruby-2.1.0/specifications/uglifier-2.4.0.gemspec
I, [2014-02-27T17:02:37.995620 #14626]  INFO -- : 0:  rake (10.1.1) from /Users/connorbarnett/.rvm/gems/ruby-2.1.0/specifications/rake-10.1.1.gemspec
I, [2014-02-27T17:02:37.996708 #14626]  INFO -- : 0:  i18n (0.6.9) from /Users/connorbarnett/.rvm/gems/ruby-2.1.0/specifications/i18n-0.6.9.gemspec
I, [2014-02-27T17:02:37.997186 #14626]  INFO -- : 0:  minitest (4.7.5) from /Users/connorbarnett/.rvm/rubies/ruby-2.1.0/lib/ruby/gems/2.1.0/specifications/default/minitest-4.7.5.gemspec
I, [2014-02-27T17:02:37.997836 #14626]  INFO -- : 0:  multi_json (1.8.4) from /Users/connorbarnett/.rvm/gems/ruby-2.1.0/specifications/multi_json-1.8.4.gemspec
I, [2014-02-27T17:02:37.998398 #14626]  INFO -- : 0:  atomic (1.1.15) from /Users/connorbarnett/.rvm/gems/ruby-2.1.0/specifications/atomic-1.1.15.gemspec
I, [2014-02-27T17:02:37.999139 #14626]  INFO -- : 0:  thread_safe (0.2.0) from /Users/connorbarnett/.rvm/gems/ruby-2.1.0/specifications/thread_safe-0.2.0.gemspec
I, [2014-02-27T17:02:37.999828 #14626]  INFO -- : 0:  tzinfo (0.3.38) from /Users/connorbarnett/.rvm/gems/ruby-2.1.0/specifications/tzinfo-0.3.38.gemspec
I, [2014-02-27T17:02:38.000628 #14626]  INFO -- : 0:  activesupport (4.0.2) from /Users/connorbarnett/.rvm/gems/ruby-2.1.0/specifications/activesupport-4.0.2.gemspec
I, [2014-02-27T17:02:38.001068 #14626]  INFO -- : 0:  builder (3.1.4) from /Users/connorbarnett/.rvm/gems/ruby-2.1.0/specifications/builder-3.1.4.gemspec
I, [2014-02-27T17:02:38.001500 #14626]  INFO -- : 0:  erubis (2.7.0) from /Users/connorbarnett/.rvm/gems/ruby-2.1.0/specifications/erubis-2.7.0.gemspec
I, [2014-02-27T17:02:38.001897 #14626]  INFO -- : 0:  rack (1.5.2) from /Users/connorbarnett/.rvm/gems/ruby-2.1.0/specifications/rack-1.5.2.gemspec
I, [2014-02-27T17:02:38.002312 #14626]  INFO -- : 0:  rack-test (0.6.2) from /Users/connorbarnett/.rvm/gems/ruby-2.1.0/specifications/rack-test-0.6.2.gemspec
I, [2014-02-27T17:02:38.002709 #14626]  INFO -- : 0:  actionpack (4.0.2) from /Users/connorbarnett/.rvm/gems/ruby-2.1.0/specifications/actionpack-4.0.2.gemspec
I, [2014-02-27T17:02:38.003242 #14626]  INFO -- : 0:  mime-types (1.25.1) from /Users/connorbarnett/.rvm/gems/ruby-2.1.0/specifications/mime-types-1.25.1.gemspec
I, [2014-02-27T17:02:38.003653 #14626]  INFO -- : 0:  polyglot (0.3.4) from /Users/connorbarnett/.rvm/gems/ruby-2.1.0/specifications/polyglot-0.3.4.gemspec
I, [2014-02-27T17:02:38.004062 #14626]  INFO -- : 0:  treetop (1.4.15) from /Users/connorbarnett/.rvm/gems/ruby-2.1.0/specifications/treetop-1.4.15.gemspec
I, [2014-02-27T17:02:38.004523 #14626]  INFO -- : 0:  mail (2.5.4) from /Users/connorbarnett/.rvm/gems/ruby-2.1.0/specifications/mail-2.5.4.gemspec
I, [2014-02-27T17:02:38.004962 #14626]  INFO -- : 0:  actionmailer (4.0.2) from /Users/connorbarnett/.rvm/gems/ruby-2.1.0/specifications/actionmailer-4.0.2.gemspec
I, [2014-02-27T17:02:38.005387 #14626]  INFO -- : 0:  activemodel (4.0.2) from /Users/connorbarnett/.rvm/gems/ruby-2.1.0/specifications/activemodel-4.0.2.gemspec
I, [2014-02-27T17:02:38.006040 #14626]  INFO -- : 0:  activerecord-deprecated_finders (1.0.3) from /Users/connorbarnett/.rvm/gems/ruby-2.1.0/specifications/activerecord-deprecated_finders-1.0.3.gemspec
I, [2014-02-27T17:02:38.006676 #14626]  INFO -- : 0:  arel (4.0.2) from /Users/connorbarnett/.rvm/gems/ruby-2.1.0/specifications/arel-4.0.2.gemspec
I, [2014-02-27T17:02:38.007332 #14626]  INFO -- : 0:  activerecord (4.0.2) from /Users/connorbarnett/.rvm/gems/ruby-2.1.0/specifications/activerecord-4.0.2.gemspec
I, [2014-02-27T17:02:38.007921 #14626]  INFO -- : 0:  bcrypt (3.1.7) from /Users/connorbarnett/.rvm/gems/ruby-2.1.0/specifications/bcrypt-3.1.7.gemspec
I, [2014-02-27T17:02:38.008518 #14626]  INFO -- : 0:  bcrypt-ruby (3.1.5) from /Users/connorbarnett/.rvm/gems/ruby-2.1.0/specifications/bcrypt-ruby-3.1.5.gemspec
I, [2014-02-27T17:02:38.009055 #14626]  INFO -- : 0:  sass (3.2.14) from /Users/connorbarnett/.rvm/gems/ruby-2.1.0/specifications/sass-3.2.14.gemspec
I, [2014-02-27T17:02:38.009619 #14626]  INFO -- : 0:  bootstrap-sass (3.1.1.0) from /Users/connorbarnett/.rvm/gems/ruby-2.1.0/specifications/bootstrap-sass-3.1.1.0.gemspec
I, [2014-02-27T17:02:38.010291 #14626]  INFO -- : 0:  bundler (1.5.1) from /Users/connorbarnett/.rvm/gems/ruby-2.1.0@global/specifications/bundler-1.5.1.gemspec
I, [2014-02-27T17:02:38.010738 #14626]  INFO -- : 0:  coffee-script-source (1.7.0) from /Users/connorbarnett/.rvm/gems/ruby-2.1.0/specifications/coffee-script-source-1.7.0.gemspec
I, [2014-02-27T17:02:38.011164 #14626]  INFO -- : 0:  execjs (2.0.2) from /Users/connorbarnett/.rvm/gems/ruby-2.1.0/specifications/execjs-2.0.2.gemspec
I, [2014-02-27T17:02:38.011566 #14626]  INFO -- : 0:  coffee-script (2.2.0) from /Users/connorbarnett/.rvm/gems/ruby-2.1.0/specifications/coffee-script-2.2.0.gemspec
I, [2014-02-27T17:02:38.011951 #14626]  INFO -- : 0:  thor (0.18.1) from /Users/connorbarnett/.rvm/gems/ruby-2.1.0/specifications/thor-0.18.1.gemspec
I, [2014-02-27T17:02:38.012358 #14626]  INFO -- : 0:  railties (4.0.2) from /Users/connorbarnett/.rvm/gems/ruby-2.1.0/specifications/railties-4.0.2.gemspec
I, [2014-02-27T17:02:38.012766 #14626]  INFO -- : 0:  coffee-rails (4.0.1) from /Users/connorbarnett/.rvm/gems/ruby-2.1.0/specifications/coffee-rails-4.0.1.gemspec
I, [2014-02-27T17:02:38.013192 #14626]  INFO -- : 0:  daemons (1.1.9) from /Users/connorbarnett/.rvm/gems/ruby-2.1.0/specifications/daemons-1.1.9.gemspec
I, [2014-02-27T17:02:38.013608 #14626]  INFO -- : 0:  orm_adapter (0.5.0) from /Users/connorbarnett/.rvm/gems/ruby-2.1.0/specifications/orm_adapter-0.5.0.gemspec
I, [2014-02-27T17:02:38.014033 #14626]  INFO -- : 0:  warden (1.2.3) from /Users/connorbarnett/.rvm/gems/ruby-2.1.0/specifications/warden-1.2.3.gemspec
I, [2014-02-27T17:02:38.014442 #14626]  INFO -- : 0:  devise (3.2.3) from /Users/connorbarnett/.rvm/gems/ruby-2.1.0/specifications/devise-3.2.3.gemspec
I, [2014-02-27T17:02:38.014892 #14626]  INFO -- : 0:  eventmachine (1.0.3) from /Users/connorbarnett/.rvm/gems/ruby-2.1.0/specifications/eventmachine-1.0.3.gemspec
I, [2014-02-27T17:02:38.015335 #14626]  INFO -- : 0:  tilt (1.4.1) from /Users/connorbarnett/.rvm/gems/ruby-2.1.0/specifications/tilt-1.4.1.gemspec
I, [2014-02-27T17:02:38.015755 #14626]  INFO -- : 0:  haml (4.0.5) from /Users/connorbarnett/.rvm/gems/ruby-2.1.0/specifications/haml-4.0.5.gemspec
I, [2014-02-27T17:02:38.016179 #14626]  INFO -- : 0:  hike (1.2.3) from /Users/connorbarnett/.rvm/gems/ruby-2.1.0/specifications/hike-1.2.3.gemspec
I, [2014-02-27T17:02:38.016569 #14626]  INFO -- : 0:  jbuilder (1.5.3) from /Users/connorbarnett/.rvm/gems/ruby-2.1.0/specifications/jbuilder-1.5.3.gemspec
I, [2014-02-27T17:02:38.016955 #14626]  INFO -- : 0:  jquery-rails (3.1.0) from /Users/connorbarnett/.rvm/gems/ruby-2.1.0/specifications/jquery-rails-3.1.0.gemspec
I, [2014-02-27T17:02:38.017347 #14626]  INFO -- : 0:  jquery-ui-rails (4.2.0) from /Users/connorbarnett/.rvm/gems/ruby-2.1.0/specifications/jquery-ui-rails-4.2.0.gemspec
I, [2014-02-27T17:02:38.017747 #14626]  INFO -- : 0:  json (1.8.1) from /Users/connorbarnett/.rvm/rubies/ruby-2.1.0/lib/ruby/gems/2.1.0/specifications/default/json-1.8.1.gemspec
I, [2014-02-27T17:02:38.018146 #14626]  INFO -- : 0:  pg (0.17.1) from /Users/connorbarnett/.rvm/gems/ruby-2.1.0/specifications/pg-0.17.1.gemspec
I, [2014-02-27T17:02:38.018554 #14626]  INFO -- : 0:  sprockets (2.11.0) from /Users/connorbarnett/.rvm/gems/ruby-2.1.0/specifications/sprockets-2.11.0.gemspec
I, [2014-02-27T17:02:38.019131 #14626]  INFO -- : 0:  sprockets-rails (2.0.1) from /Users/connorbarnett/.rvm/gems/ruby-2.1.0/specifications/sprockets-rails-2.0.1.gemspec
I, [2014-02-27T17:02:38.019552 #14626]  INFO -- : 0:  rails (4.0.2) from /Users/connorbarnett/.rvm/gems/ruby-2.1.0/specifications/rails-4.0.2.gemspec
I, [2014-02-27T17:02:38.019918 #14626]  INFO -- : 0:  rails_serve_static_assets (0.0.2) from /Users/connorbarnett/.rvm/gems/ruby-2.1.0/specifications/rails_serve_static_assets-0.0.2.gemspec
I, [2014-02-27T17:02:38.020334 #14626]  INFO -- : 0:  rails_stdout_logging (0.0.3) from /Users/connorbarnett/.rvm/gems/ruby-2.1.0/specifications/rails_stdout_logging-0.0.3.gemspec
I, [2014-02-27T17:02:38.021029 #14626]  INFO -- : 0:  rails_12factor (0.0.2) from /Users/connorbarnett/.rvm/gems/ruby-2.1.0/specifications/rails_12factor-0.0.2.gemspec
I, [2014-02-27T17:02:38.021651 #14626]  INFO -- : 0:  rdoc (4.1.1) from /Users/connorbarnett/.rvm/gems/ruby-2.1.0/specifications/rdoc-4.1.1.gemspec
I, [2014-02-27T17:02:38.022120 #14626]  INFO -- : 0:  sass-rails (4.0.1) from /Users/connorbarnett/.rvm/gems/ruby-2.1.0/specifications/sass-rails-4.0.1.gemspec
I, [2014-02-27T17:02:38.022497 #14626]  INFO -- : 0:  sdoc (0.4.0) from /Users/connorbarnett/.rvm/gems/ruby-2.1.0/specifications/sdoc-0.4.0.gemspec
I, [2014-02-27T17:02:38.022885 #14626]  INFO -- : 0:  sqlite3 (1.3.9) from /Users/connorbarnett/.rvm/gems/ruby-2.1.0/specifications/sqlite3-1.3.9.gemspec
I, [2014-02-27T17:02:38.023281 #14626]  INFO -- : 0:  thin (1.6.1) from /Users/connorbarnett/.rvm/gems/ruby-2.1.0/specifications/thin-1.6.1.gemspec
I, [2014-02-27T17:02:38.023669 #14626]  INFO -- : 0:  turbolinks (2.2.1) from /Users/connorbarnett/.rvm/gems/ruby-2.1.0/specifications/turbolinks-2.2.1.gemspec
I, [2014-02-27T17:02:38.024057 #14626]  INFO -- : 0:  uglifier (2.4.0) from /Users/connorbarnett/.rvm/gems/ruby-2.1.0/specifications/uglifier-2.4.0.gemspec
